{"ccCount":0,"level":"info","message":"Email sent successfully","messageId":"<65a7aa31-6e09-5b0a-a75d-10a30a97ce6d@gmail.com>","subject":" Bienvenido a MC Support - Tus credenciales de acceso","timestamp":"2025-12-17T20:03:16.635Z","to":"elizardo.cuello@multicomputos.com"}
{"ccCount":0,"level":"info","message":"Email sent successfully","messageId":"<34781133-43db-7ac9-9c4d-743c28492d74@gmail.com>","subject":" Bienvenido a MC Support - Tus credenciales de acceso","timestamp":"2025-12-17T20:05:03.365Z","to":"enmanuel.santos@multicomputos.com"}
{"ccCount":1,"level":"info","message":"Email sent successfully","messageId":"<2f06f8de-dc01-607e-2f1a-142e41ccf186@gmail.com>","subject":"Ticket Recibido: CN-1766002646","timestamp":"2025-12-17T20:17:28.116Z","to":"benjamin.inoa@multicomputos.com"}
{"level":"info","message":"[LAU] Detected language: es for ticket CN-1766002646","timestamp":"2025-12-17T20:17:29.157Z"}
{"level":"info","message":"[LAU] Updated ticket CN-1766002646: priority=HIGH, sentiment=NEGATIVE, category=NETWORK","timestamp":"2025-12-17T20:17:29.171Z"}
{"ccCount":0,"level":"info","message":"Email sent successfully","messageId":"<2b423c40-2a39-1664-aff7-469cc2e24010@gmail.com>","subject":"[URGENTE] Escalado Autom谩tico - Ticket #CN-1766002646","timestamp":"2025-12-17T20:17:30.464Z","to":"support@multicomputos.com"}
{"level":"info","message":"[LAU] Escalated ticket CN-1766002646","timestamp":"2025-12-17T20:17:30.465Z"}
{"level":"info","message":"[LAU] Skill keywords extracted: tengo, problemas, redes, parece, configuracion","timestamp":"2025-12-17T20:17:30.474Z"}
{"level":"info","message":"[LAU] Smart assignment: Selected Elizardo Cuello (TEAM_LEAD) skill_score=29, workload=0 tickets","timestamp":"2025-12-17T20:17:30.507Z"}
{"level":"info","message":"[LAU] Other candidates: Enmanuel Santos(score=29,load=0)","timestamp":"2025-12-17T20:17:30.509Z"}
{"level":"info","message":"[LAU] KB search terms after filtering","terms":["problemas","redes","parece","configuracion","estoy","molesto","internet","lento"],"timestamp":"2025-12-17T20:17:30.550Z"}
{"articlesFound":1,"level":"info","message":"[LAU] KB articles filtered out due to low relevance","scores":[{"score":3,"terms":1,"title":"Configuraci贸n del Sistema"}],"timestamp":"2025-12-17T20:17:30.571Z"}
{"level":"info","message":"[LAU] KB search terms after filtering","terms":["problemas","redes","parece","configuracion","estoy","molesto","internet","lento"],"timestamp":"2025-12-17T20:17:30.573Z"}
{"articlesFound":1,"level":"info","message":"[LAU] KB articles filtered out due to low relevance","scores":[{"score":3,"terms":1,"title":"Configuraci贸n del Sistema"}],"timestamp":"2025-12-17T20:17:30.581Z"}
{"ccCount":1,"level":"info","message":"Email sent successfully","messageId":"<34a3b901-861f-df7f-693a-c6600f206304@gmail.com>","subject":"LAU ha respondido tu ticket #CN-1766002646","timestamp":"2025-12-17T20:17:31.941Z","to":"benjamin.inoa@multicomputos.com"}
{"level":"info","message":"[LAU Metrics] Response time: 3819ms for ticket cmjagdn8x000tr2f686wac2u6","timestamp":"2025-12-17T20:17:31.943Z"}
{"level":"info","message":"[LAU] Processed ticket CN-1766002646 in 3819ms (Language: es)","timestamp":"2025-12-17T20:17:31.944Z"}
{"ccCount":0,"level":"info","message":"Email sent successfully","messageId":"<0ef7740c-2eee-628e-c7f3-69ecb3750e53@gmail.com>","subject":"Ticket Asignado #CN-1766002646","timestamp":"2025-12-17T20:19:16.022Z","to":"enmanuel.santos@multicomputos.com"}
{"ccCount":0,"level":"info","message":"Email sent successfully","messageId":"<49b66d35-d5ec-145e-56c8-24412238f567@gmail.com>","subject":"Ticket Asignado #CN-1766002646","timestamp":"2025-12-17T20:20:02.940Z","to":"elizardo.cuello@multicomputos.com"}
{"level":"info","message":"[Ticket] Auto-set to IN_PROGRESS ticket CN-1766002646 by collaborator response","timestamp":"2025-12-17T20:21:15.473Z"}
{"ccCount":1,"level":"info","message":"Email sent successfully","messageId":"<4052f7dd-4782-c02f-6271-0dd42296d201@gmail.com>","subject":"Nuevo mensaje en tu ticket #CN-1766002646","timestamp":"2025-12-17T20:21:16.886Z","to":"benjamin.inoa@multicomputos.com"}
{"level":"info","message":"[Ticket] Sent new message notification to benjamin.inoa@multicomputos.com (CC: francisco.tejeda@multicomputos.com) for ticket CN-1766002646","timestamp":"2025-12-17T20:21:16.887Z"}
{"ccCount":0,"level":"info","message":"Email sent successfully","messageId":"<af3fbde9-9a94-d3b2-6b4d-d89a42a3a073@gmail.com>","subject":"Ticket Asignado #CN-1766002646","timestamp":"2025-12-17T20:21:32.849Z","to":"enmanuel.santos@multicomputos.com"}
{"ccCount":1,"level":"info","message":"Email sent successfully","messageId":"<686b450f-b55e-70c6-ed07-6e2d34059657@gmail.com>","subject":"Nuevo mensaje en tu ticket #CN-1766002646","timestamp":"2025-12-17T20:22:36.465Z","to":"benjamin.inoa@multicomputos.com"}
{"level":"info","message":"[Ticket] Sent new message notification to benjamin.inoa@multicomputos.com (CC: francisco.tejeda@multicomputos.com) for ticket CN-1766002646","timestamp":"2025-12-17T20:22:36.466Z"}
{"ccCount":1,"level":"info","message":"Email sent successfully","messageId":"<ca0f7a92-fa5c-f1c9-8a84-5bec0801f13a@gmail.com>","subject":"Actualizaci贸n de Ticket #CN-1766002646","timestamp":"2025-12-17T20:22:53.371Z","to":"benjamin.inoa@multicomputos.com"}
{"ccCount":0,"level":"info","message":"Email sent successfully","messageId":"<43bfbefa-2a6c-e737-9e2c-443bb0fa962c@gmail.com>","subject":"Ticket #CN-1766002646 reabierto por cliente","timestamp":"2025-12-17T20:30:17.960Z","to":"support@multicomputos.com"}
{"ccCount":1,"level":"info","message":"Email sent successfully","messageId":"<fd06080f-6ec9-b84a-935c-c5d12fa926a0@gmail.com>","subject":"Actualizaci贸n de Ticket #CN-1766002646","timestamp":"2025-12-17T20:31:48.990Z","to":"benjamin.inoa@multicomputos.com"}
{"ccCount":0,"level":"info","message":"Email sent successfully","messageId":"<c6780017-a0d8-33ef-621c-43193af4c1ce@gmail.com>","subject":"Ticket #CN-1766002646 reabierto por cliente","timestamp":"2025-12-17T20:33:44.687Z","to":"support@multicomputos.com"}
{"ccCount":1,"level":"info","message":"Email sent successfully","messageId":"<877cfd98-9833-dc9c-e27a-3a20b7b83935@gmail.com>","subject":"Actualizaci贸n de Ticket #CN-1766002646","timestamp":"2025-12-17T20:34:54.691Z","to":"benjamin.inoa@multicomputos.com"}
{"ccCount":1,"level":"info","message":"Email sent successfully","messageId":"<bfc2e11c-26f0-ae50-b7e6-2df3db70e51c@gmail.com>","subject":"Nuevo mensaje en tu ticket #CN-1766002646","timestamp":"2025-12-17T20:36:08.063Z","to":"benjamin.inoa@multicomputos.com"}
{"level":"info","message":"[Ticket] Sent new message notification to benjamin.inoa@multicomputos.com (CC: francisco.tejeda@multicomputos.com) for ticket CN-1766002646","timestamp":"2025-12-17T20:36:08.064Z"}
{"ccCount":0,"level":"info","message":"Email sent successfully","messageId":"<c64a0f00-11d8-6ab0-e1ba-b5cb832a934d@gmail.com>","subject":"Cliente respondi贸 - Ticket #CN-1766002646","timestamp":"2025-12-17T20:36:24.978Z","to":"support@multicomputos.com"}
{"level":"info","message":"[Ticket] Auto-reopened ticket CN-1766002646 by client response","timestamp":"2025-12-17T20:36:24.981Z"}
{"ccCount":1,"level":"info","message":"Email sent successfully","messageId":"<5d917690-d955-6ea8-876d-c1fad74cc651@gmail.com>","subject":"Nuevo mensaje en tu ticket #CN-1766002646","timestamp":"2025-12-17T20:36:46.734Z","to":"benjamin.inoa@multicomputos.com"}
{"level":"info","message":"[Ticket] Sent new message notification to benjamin.inoa@multicomputos.com (CC: francisco.tejeda@multicomputos.com) for ticket CN-1766002646","timestamp":"2025-12-17T20:36:46.735Z"}
{"ccCount":1,"level":"info","message":"Email sent successfully","messageId":"<2977fe03-76c0-12c7-c11c-118ef068cb84@gmail.com>","subject":"Actualizaci贸n de Ticket #CN-1766002646","timestamp":"2025-12-17T20:38:45.850Z","to":"benjamin.inoa@multicomputos.com"}
{"ccCount":1,"level":"info","message":"Email sent successfully","messageId":"<9449304a-cbc1-2a6e-4ec6-bb885ff33490@gmail.com>","subject":"Nuevo mensaje en tu ticket #CN-1766002646","timestamp":"2025-12-17T20:38:58.086Z","to":"benjamin.inoa@multicomputos.com"}
{"level":"info","message":"[Ticket] Sent new message notification to benjamin.inoa@multicomputos.com (CC: francisco.tejeda@multicomputos.com) for ticket CN-1766002646","timestamp":"2025-12-17T20:38:58.087Z"}
{"ccCount":0,"level":"info","message":"Email sent successfully","messageId":"<a5015177-3f6b-4dd2-bb18-d4ba6c63b498@gmail.com>","subject":"Ticket #CN-1766002646 cerrado por cliente","timestamp":"2025-12-17T20:39:28.753Z","to":"support@multicomputos.com"}
{"ccCount":1,"level":"info","message":"Email sent successfully","messageId":"<d154853e-17dc-ec8b-b0c5-95b735029b57@gmail.com>","subject":"Ticket Recibido: CN-1766004279","timestamp":"2025-12-17T20:44:40.510Z","to":"elizardo.cuello@multicomputos.com"}
{"level":"info","message":"[LAU] Detected language: es for ticket CN-1766004279","timestamp":"2025-12-17T20:44:41.329Z"}
{"level":"info","message":"[LAU] Updated ticket CN-1766004279: priority=CRITICAL, sentiment=NEUTRAL, category=NETWORK","timestamp":"2025-12-17T20:44:41.345Z"}
{"ccCount":0,"level":"info","message":"Email sent successfully","messageId":"<06a5c868-1809-84b3-be40-4a73f82d4532@gmail.com>","subject":"[URGENTE] Escalado Autom谩tico - Ticket #CN-1766004279","timestamp":"2025-12-17T20:44:42.571Z","to":"support@multicomputos.com"}
{"level":"info","message":"[LAU] Escalated ticket CN-1766004279","timestamp":"2025-12-17T20:44:42.572Z"}
{"level":"info","message":"[LAU] Skill keywords extracted: firewall, fortinet, down, realizo, actualizacion","timestamp":"2025-12-17T20:44:42.580Z"}
{"level":"info","message":"[LAU] Smart assignment: Selected Elizardo Cuello (TEAM_LEAD) skill_score=0, workload=0 tickets","timestamp":"2025-12-17T20:44:42.601Z"}
{"level":"info","message":"[LAU] Other candidates: Enmanuel Santos(score=0,load=0)","timestamp":"2025-12-17T20:44:42.601Z"}
{"level":"info","message":"[LAU] KB search terms after filtering","terms":["firewall","fortinet","realizo","actualizacion","equipo","quedo","empresa","encuentra"],"timestamp":"2025-12-17T20:44:42.616Z"}
{"articlesFound":5,"level":"info","message":"[LAU] KB articles filtered out due to low relevance","scores":[{"score":3,"terms":1,"title":"Factura Electr贸nica en Rep煤blica Dominicana"},{"score":3,"terms":1,"title":"Inicio de Sesi贸n y Acceso al Sistema"},{"score":3,"terms":1,"title":"Gesti贸n de Tickets"},{"score":3,"terms":1,"title":"Asistente Virtual LAU"},{"score":3,"terms":1,"title":"Configuraci贸n del Sistema"}],"timestamp":"2025-12-17T20:44:42.622Z"}
{"level":"info","message":"[LAU] KB search terms after filtering","terms":["firewall","fortinet","realizo","actualizacion","equipo","quedo","empresa","encuentra"],"timestamp":"2025-12-17T20:44:42.622Z"}
{"articlesFound":5,"level":"info","message":"[LAU] KB articles filtered out due to low relevance","scores":[{"score":3,"terms":1,"title":"Factura Electr贸nica en Rep煤blica Dominicana"},{"score":3,"terms":1,"title":"Inicio de Sesi贸n y Acceso al Sistema"},{"score":3,"terms":1,"title":"Gesti贸n de Tickets"},{"score":3,"terms":1,"title":"Asistente Virtual LAU"},{"score":3,"terms":1,"title":"Configuraci贸n del Sistema"}],"timestamp":"2025-12-17T20:44:42.627Z"}
{"ccCount":1,"level":"info","message":"Email sent successfully","messageId":"<f32fc183-c56d-a850-41f4-1132f30d34df@gmail.com>","subject":"LAU ha respondido tu ticket #CN-1766004279","timestamp":"2025-12-17T20:44:43.938Z","to":"elizardo.cuello@multicomputos.com"}
{"level":"info","message":"[LAU Metrics] Response time: 3427ms for ticket cmjahcmv30021r2f6xarjgsf6","timestamp":"2025-12-17T20:44:43.938Z"}
{"level":"info","message":"[LAU] Processed ticket CN-1766004279 in 3427ms (Language: es)","timestamp":"2025-12-17T20:44:43.939Z"}
{"ccCount":0,"level":"info","message":"Email sent successfully","messageId":"<65370932-d5d4-d364-8fa9-be1f0af9f000@gmail.com>","subject":"Ticket Asignado #CN-1766004279","timestamp":"2025-12-17T20:48:35.275Z","to":"enmanuel.santos@multicomputos.com"}
{"ccCount":0,"level":"info","message":"Email sent successfully","messageId":"<2d802c93-a32f-f328-c7a6-67751313f1ca@gmail.com>","subject":"Ticket Asignado #CN-1766004279","timestamp":"2025-12-17T20:50:14.523Z","to":"elizardo.cuello@multicomputos.com"}
